[2025-03-23 11:53:02] Début du processus de suppression d'image
[2025-03-23 11:53:02] Chemin de l'image à supprimer: assets/images/backup/hero_20250323_114925.jpg
[2025-03-23 11:53:02] Chemin complet: ../assets/images/backup/hero_20250323_114925.jpg
[2025-03-23 11:53:02] Fichier supprimé avec succès: ../assets/images/backup/hero_20250323_114925.jpg
[2025-03-23 11:59:51] Début du processus de suppression d'image
[2025-03-23 11:59:51] Chemin de l'image à supprimer: assets/images/backup/hero_20250323_115315.jpg
[2025-03-23 11:59:51] Chemin complet: ../assets/images/backup/hero_20250323_115315.jpg
[2025-03-23 11:59:51] Fichier supprimé avec succès: ../assets/images/backup/hero_20250323_115315.jpg
[2025-03-23 12:12:36] Début du processus de suppression d'image
[2025-03-23 12:12:36] Chemin de l'image à supprimer: assets/images/backup/cuisine-entiere-1_20250323_120649.jpg
[2025-03-23 12:12:36] Chemin complet: ../assets/images/backup/cuisine-entiere-1_20250323_120649.jpg
[2025-03-23 12:12:36] Fichier supprimé avec succès: ../assets/images/backup/cuisine-entiere-1_20250323_120649.jpg
[2025-03-23 12:12:39] Début du processus de suppression d'image
[2025-03-23 12:12:39] Chemin de l'image à supprimer: assets/images/backup/cuisine-entiere-1_20250323_120414.jpg
[2025-03-23 12:12:39] Chemin complet: ../assets/images/backup/cuisine-entiere-1_20250323_120414.jpg
[2025-03-23 12:12:39] Fichier supprimé avec succès: ../assets/images/backup/cuisine-entiere-1_20250323_120414.jpg
[2025-03-23 13:34:41] Début du processus de suppression d'image
[2025-03-23 13:34:41] Chemin de l'image à supprimer: assets/images/backup/hero_20250323_121413.jpg
[2025-03-23 13:34:41] Chemin complet: ../assets/images/backup/hero_20250323_121413.jpg
[2025-03-23 13:34:41] Fichier supprimé avec succès: ../assets/images/backup/hero_20250323_121413.jpg
