[2025-03-26 20:36:38] Début du processus de restauration d'image
[2025-03-26 20:36:38] Chemin de l'image de backup: assets/images/backup/cuisine-entiere-1_20250323_135600.jpg
[2025-03-26 20:36:38] Chemin cible: images/cuisine-entiere-1.jpg
[2025-03-26 20:36:38] Sauvegarde activée: Non
[2025-03-26 20:36:38] Chemin complet de backup: ../assets/images/backup/cuisine-entiere-1_20250323_135600.jpg
[2025-03-26 20:36:38] Chemin complet cible: ../images/cuisine-entiere-1.jpg
[2025-03-26 20:36:38] L'image cible existe déjà
[2025-03-26 20:36:38] Sauvegarde désactivée, l'image actuelle ne sera pas sauvegardée
[2025-03-26 20:36:38] Copie de l'image de backup vers la cible
[2025-03-26 20:36:38] Restauration réussie vers images/cuisine-entiere-1.jpg
[2025-03-26 20:37:42] Début du processus de restauration d'image
[2025-03-26 20:37:42] Chemin de l'image de backup: assets/images/backup/espace-repas-1_20250326_203716.jpg
[2025-03-26 20:37:42] Chemin cible: images/espace-repas-1.jpg
[2025-03-26 20:37:42] Sauvegarde activée: Oui
[2025-03-26 20:37:42] Chemin complet de backup: ../assets/images/backup/espace-repas-1_20250326_203716.jpg
[2025-03-26 20:37:42] Chemin complet cible: ../images/espace-repas-1.jpg
[2025-03-26 20:37:42] L'image cible existe déjà
[2025-03-26 20:37:42] Sauvegarde activée, création d'une copie
[2025-03-26 20:37:42] Sauvegarde de l'image actuelle: ../images/espace-repas-1.jpg vers ../assets/images/backup/espace-repas-1_20250326_203742.jpg
[2025-03-26 20:37:42] Image actuelle sauvegardée avec succès
[2025-03-26 20:37:42] Copie de l'image de backup vers la cible
[2025-03-26 20:37:42] Restauration réussie vers images/espace-repas-1.jpg
